<?xml version="1.0" encoding="UTF-8"?>
<!-- Generated by org.testng.reporters.JUnitXMLReporter -->
<testsuite hostname="DESKTOP-R9R8TQ8" name="Default test" tests="1" failures="0" timestamp="27 Feb 2020 11:20:35 GMT" time="22.39" errors="0">
  <testcase name="@BeforeTest beforeTest" time="0.0" classname="spicejet_testng.PopupchildWindows4t">
    <failure type="org.openqa.selenium.WebDriverException" message="unknown error: Chrome failed to start: exited normally
  (unknown error: DevToolsActivePort file doesn&amp;apos;t exist)
  (The process started from chrome location C:\Program Files (x86)\Google\Chrome\Application\chrome.exe is no longer running, so ChromeDriver is assuming that Chrome has crashed.)
Build info: version: &amp;apos;4.0.0-alpha-3&amp;apos;, revision: &amp;apos;8c567de6dc&amp;apos;
System info: host: &amp;apos;DESKTOP-R9R8TQ8&amp;apos;, ip: &amp;apos;192.168.0.101&amp;apos;, os.name: &amp;apos;Windows 10&amp;apos;, os.arch: &amp;apos;amd64&amp;apos;, os.version: &amp;apos;10.0&amp;apos;, java.version: &amp;apos;1.8.0_231&amp;apos;
Driver info: driver.version: ChromeDriver
remote stacktrace: Backtrace:
	Ordinal0 [0x0112A923+1550627]
	Ordinal0 [0x010AA731+1025841]
	Ordinal0 [0x0102C715+509717]
	Ordinal0 [0x00FBCB0B+51979]
	Ordinal0 [0x00FDACE7+175335]
	Ordinal0 [0x00FDA8ED+174317]
	Ordinal0 [0x00FD8CDB+167131]
	Ordinal0 [0x00FC144A+70730]
	Ordinal0 [0x00FC24D0+74960]
	Ordinal0 [0x00FC2469+74857]
	Ordinal0 [0x010C42F7+1131255]
	GetHandleVerifier [0x011C711D+523789]
	GetHandleVerifier [0x011C6EB0+523168]
	GetHandleVerifier [0x011CE207+552695]
	GetHandleVerifier [0x011C791A+525834]
	Ordinal0 [0x010BB82C+1095724]
	Ordinal0 [0x010C636B+1139563]
	Ordinal0 [0x010C64D3+1139923]
	Ordinal0 [0x010C5455+1135701]
	BaseThreadInitThunk [0x76AF8484+36]
	RtlValidSecurityDescriptor [0x777E2EC0+448]
	RtlValidSecurityDescriptor [0x777E2E90+400]
">
      <![CDATA[org.openqa.selenium.WebDriverException: unknown error: Chrome failed to start: exited normally
  (unknown error: DevToolsActivePort file doesn't exist)
  (The process started from chrome location C:\Program Files (x86)\Google\Chrome\Application\chrome.exe is no longer running, so ChromeDriver is assuming that Chrome has crashed.)
Build info: version: '4.0.0-alpha-3', revision: '8c567de6dc'
System info: host: 'DESKTOP-R9R8TQ8', ip: '192.168.0.101', os.name: 'Windows 10', os.arch: 'amd64', os.version: '10.0', java.version: '1.8.0_231'
Driver info: driver.version: ChromeDriver
remote stacktrace: Backtrace:
	Ordinal0 [0x0112A923+1550627]
	Ordinal0 [0x010AA731+1025841]
	Ordinal0 [0x0102C715+509717]
	Ordinal0 [0x00FBCB0B+51979]
	Ordinal0 [0x00FDACE7+175335]
	Ordinal0 [0x00FDA8ED+174317]
	Ordinal0 [0x00FD8CDB+167131]
	Ordinal0 [0x00FC144A+70730]
	Ordinal0 [0x00FC24D0+74960]
	Ordinal0 [0x00FC2469+74857]
	Ordinal0 [0x010C42F7+1131255]
	GetHandleVerifier [0x011C711D+523789]
	GetHandleVerifier [0x011C6EB0+523168]
	GetHandleVerifier [0x011CE207+552695]
	GetHandleVerifier [0x011C791A+525834]
	Ordinal0 [0x010BB82C+1095724]
	Ordinal0 [0x010C636B+1139563]
	Ordinal0 [0x010C64D3+1139923]
	Ordinal0 [0x010C5455+1135701]
	BaseThreadInitThunk [0x76AF8484+36]
	RtlValidSecurityDescriptor [0x777E2EC0+448]
	RtlValidSecurityDescriptor [0x777E2E90+400]

	at sun.reflect.NativeConstructorAccessorImpl.newInstance0(Native Method)
	at sun.reflect.NativeConstructorAccessorImpl.newInstance(Unknown Source)
	at sun.reflect.DelegatingConstructorAccessorImpl.newInstance(Unknown Source)
	at java.lang.reflect.Constructor.newInstance(Unknown Source)
	at org.openqa.selenium.remote.W3CHandshakeResponse.lambda$errorHandler$0(W3CHandshakeResponse.java:62)
	at org.openqa.selenium.remote.HandshakeResponse.lambda$getResponseFunction$0(HandshakeResponse.java:30)
	at org.openqa.selenium.remote.ProtocolHandshake.lambda$createSession$1(ProtocolHandshake.java:127)
	at java.util.stream.ReferencePipeline$3$1.accept(Unknown Source)
	at java.util.Spliterators$ArraySpliterator.tryAdvance(Unknown Source)
	at java.util.stream.ReferencePipeline.forEachWithCancel(Unknown Source)
	at java.util.stream.AbstractPipeline.copyIntoWithCancel(Unknown Source)
	at java.util.stream.AbstractPipeline.copyInto(Unknown Source)
	at java.util.stream.AbstractPipeline.wrapAndCopyInto(Unknown Source)
	at java.util.stream.FindOps$FindOp.evaluateSequential(Unknown Source)
	at java.util.stream.AbstractPipeline.evaluate(Unknown Source)
	at java.util.stream.ReferencePipeline.findFirst(Unknown Source)
	at org.openqa.selenium.remote.ProtocolHandshake.createSession(ProtocolHandshake.java:129)
	at org.openqa.selenium.remote.ProtocolHandshake.createSession(ProtocolHandshake.java:75)
	at org.openqa.selenium.remote.HttpCommandExecutor.execute(HttpCommandExecutor.java:139)
	at org.openqa.selenium.remote.service.DriverCommandExecutor.execute(DriverCommandExecutor.java:83)
	at org.openqa.selenium.remote.RemoteWebDriver.execute(RemoteWebDriver.java:576)
	at org.openqa.selenium.remote.RemoteWebDriver.startSession(RemoteWebDriver.java:210)
	at org.openqa.selenium.remote.RemoteWebDriver.<init>(RemoteWebDriver.java:130)
	at org.openqa.selenium.chromium.ChromiumDriver.<init>(ChromiumDriver.java:75)
	at org.openqa.selenium.chrome.ChromeDriver.<init>(ChromeDriver.java:163)
	at org.openqa.selenium.chrome.ChromeDriver.<init>(ChromeDriver.java:150)
	at org.openqa.selenium.chrome.ChromeDriver.<init>(ChromeDriver.java:105)
	at spicejet_testng.PopupchildWindows4t.beforeTest(PopupchildWindows4t.java:35)
	at sun.reflect.NativeMethodAccessorImpl.invoke0(Native Method)
	at sun.reflect.NativeMethodAccessorImpl.invoke(Unknown Source)
	at sun.reflect.DelegatingMethodAccessorImpl.invoke(Unknown Source)
	at java.lang.reflect.Method.invoke(Unknown Source)
	at org.testng.internal.MethodInvocationHelper.invokeMethod(MethodInvocationHelper.java:84)
	at org.testng.internal.Invoker.invokeConfigurationMethod(Invoker.java:564)
	at org.testng.internal.Invoker.invokeConfigurations(Invoker.java:213)
	at org.testng.internal.Invoker.invokeConfigurations(Invoker.java:138)
	at org.testng.TestRunner.beforeRun(TestRunner.java:641)
	at org.testng.TestRunner.run(TestRunner.java:609)
	at org.testng.SuiteRunner.runTest(SuiteRunner.java:334)
	at org.testng.SuiteRunner.runSequentially(SuiteRunner.java:329)
	at org.testng.SuiteRunner.privateRun(SuiteRunner.java:291)
	at org.testng.SuiteRunner.run(SuiteRunner.java:240)
	at org.testng.SuiteRunnerWorker.runSuite(SuiteRunnerWorker.java:52)
	at org.testng.SuiteRunnerWorker.run(SuiteRunnerWorker.java:86)
	at org.testng.TestNG.runSuitesSequentially(TestNG.java:1224)
	at org.testng.TestNG.runSuitesLocally(TestNG.java:1149)
	at org.testng.TestNG.run(TestNG.java:1057)
	at org.testng.remote.RemoteTestNG.run(RemoteTestNG.java:111)
	at org.testng.remote.RemoteTestNG.initAndRun(RemoteTestNG.java:204)
	at org.testng.remote.RemoteTestNG.main(RemoteTestNG.java:175)
]]>
    </failure>
  </testcase> <!-- @BeforeTest beforeTest -->
  <testcase name="@AfterTest afterTest" time="0.0" classname="spicejet_testng.PopupchildWindows4t">
    <skipped/>
  </testcase> <!-- @AfterTest afterTest -->
  <testcase name="f" time="0.0" classname="spicejet_testng.PopupchildWindows4t">
    <skipped/>
  </testcase> <!-- f -->
</testsuite> <!-- Default test -->
